# JRE version: OpenJDK Runtime Environment (17.0.6) (build 17.0.6+0-b2043.56-10027231)
# Java VM: OpenJDK 64-Bit Server VM (17.0.6+0-b2043.56-10027231, mixed mode, tiered, compressed oops, compressed class ptrs, g1 gc, windows-amd64)
GC Precious Log:
 CPUs: 12 total, 12 available
 Memory: 7502M
 Large Page Support: Disabled
 NUMA Support: Disabled
 Compressed Oops: Enabled (32-bit)
 Heap Region Size: 1M
 Heap Min Capacity: 8M
 Heap Initial Capacity: 118M
 Heap Max Capacity: 2G
 Pre-touch: Disabled
 Parallel Workers: 10
 Concurrent Workers: 3
 Concurrent Refinement Workers: 10
 Periodic GC: Disabled
Heap:
 garbage-first heap   total 423936K, used 199151K [0x0000000080000000, 0x0000000100000000)
  region size 1024K, 4 young (4096K), 4 survivors (4096K)
 Metaspace       used 222987K, committed 225280K, reserved 1253376K
  class space    used 28273K, committed 29376K, reserved 1048576K
GC Heap History (20 events):
Event: 21420.152 GC heap after
{Heap after GC invocations=183 (full 5):
 garbage-first heap   total 423936K, used 192252K [0x0000000080000000, 0x0000000100000000)
  region size 1024K, 2 young (2048K), 2 survivors (2048K)
 Metaspace       used 222976K, committed 225280K, reserved 1253376K
  class space    used 28087K, committed 29248K, reserved 1048576K
}
Event: 21516.511 GC heap before
{Heap before GC invocations=183 (full 5):
 garbage-first heap   total 423936K, used 347900K [0x0000000080000000, 0x0000000100000000)
  region size 1024K, 139 young (142336K), 2 survivors (2048K)
 Metaspace       used 223035K, committed 225408K, reserved 1253376K
  class space    used 28087K, committed 29248K, reserved 1048576K
}
Event: 21516.698 GC heap after
{Heap after GC invocations=184 (full 5):
 garbage-first heap   total 423936K, used 215960K [0x0000000080000000, 0x0000000100000000)
  region size 1024K, 18 young (18432K), 18 survivors (18432K)
 Metaspace       used 223035K, committed 225408K, reserved 1253376K
  class space    used 28087K, committed 29248K, reserved 1048576K
}
Event: 21517.141 GC heap before
{Heap before GC invocations=184 (full 5):
 garbage-first heap   total 423936K, used 250776K [0x0000000080000000, 0x0000000100000000)
  region size 1024K, 36 young (36864K), 18 survivors (18432K)
 Metaspace       used 223037K, committed 225408K, reserved 1253376K
  class space    used 28087K, committed 29248K, reserved 1048576K
}
Event: 21517.201 GC heap after
{Heap after GC invocations=185 (full 5):
 garbage-first heap   total 423936K, used 220524K [0x0000000080000000, 0x0000000100000000)
  region size 1024K, 5 young (5120K), 5 survivors (5120K)
 Metaspace       used 223037K, committed 225408K, reserved 1253376K
  class space    used 28087K, committed 29248K, reserved 1048576K
}
Event: 22973.087 GC heap before
{Heap before GC invocations=185 (full 5):
 garbage-first heap   total 423936K, used 349548K [0x0000000080000000, 0x0000000100000000)
  region size 1024K, 118 young (120832K), 5 survivors (5120K)
 Metaspace       used 223087K, committed 225408K, reserved 1253376K
  class space    used 28088K, committed 29248K, reserved 1048576K
}
Event: 22973.718 GC heap after
{Heap after GC invocations=186 (full 5):
 garbage-first heap   total 423936K, used 221967K [0x0000000080000000, 0x0000000100000000)
  region size 1024K, 7 young (7168K), 7 survivors (7168K)
 Metaspace       used 223087K, committed 225408K, reserved 1253376K
  class space    used 28088K, committed 29248K, reserved 1048576K
}
Event: 22973.845 GC heap before
{Heap before GC invocations=186 (full 5):
 garbage-first heap   total 423936K, used 221967K [0x0000000080000000, 0x0000000100000000)
  region size 1024K, 8 young (8192K), 7 survivors (7168K)
 Metaspace       used 223087K, committed 225408K, reserved 1253376K
  class space    used 28088K, committed 29248K, reserved 1048576K
}
Event: 22979.487 GC heap after
{Heap after GC invocations=187 (full 6):
 garbage-first heap   total 423936K, used 127115K [0x0000000080000000, 0x0000000100000000)
  region size 1024K, 0 young (0K), 0 survivors (0K)
 Metaspace       used 220586K, committed 223872K, reserved 1253376K
  class space    used 27892K, committed 29248K, reserved 1048576K
}
Event: 22983.559 GC heap before
{Heap before GC invocations=187 (full 6):
 garbage-first heap   total 423936K, used 175243K [0x0000000080000000, 0x0000000100000000)
  region size 1024K, 20 young (20480K), 0 survivors (0K)
 Metaspace       used 221404K, committed 223872K, reserved 1253376K
  class space    used 28062K, committed 29248K, reserved 1048576K
}
Event: 22983.595 GC heap after
{Heap after GC invocations=188 (full 6):
 garbage-first heap   total 423936K, used 163449K [0x0000000080000000, 0x0000000100000000)
  region size 1024K, 3 young (3072K), 3 survivors (3072K)
 Metaspace       used 221404K, committed 223872K, reserved 1253376K
  class space    used 28062K, committed 29248K, reserved 1048576K
}
Event: 22984.147 GC heap before
{Heap before GC invocations=188 (full 6):
 garbage-first heap   total 423936K, used 180857K [0x0000000080000000, 0x0000000100000000)
  region size 1024K, 20 young (20480K), 3 survivors (3072K)
 Metaspace       used 222171K, committed 224512K, reserved 1253376K
  class space    used 28162K, committed 29248K, reserved 1048576K
}
Event: 22984.163 GC heap after
{Heap after GC invocations=189 (full 6):
 garbage-first heap   total 423936K, used 165533K [0x0000000080000000, 0x0000000100000000)
  region size 1024K, 2 young (2048K), 2 survivors (2048K)
 Metaspace       used 222171K, committed 224512K, reserved 1253376K
  class space    used 28162K, committed 29248K, reserved 1048576K
}
Event: 22985.039 GC heap before
{Heap before GC invocations=189 (full 6):
 garbage-first heap   total 423936K, used 193181K [0x0000000080000000, 0x0000000100000000)
  region size 1024K, 29 young (29696K), 2 survivors (2048K)
 Metaspace       used 222504K, committed 224896K, reserved 1253376K
  class space    used 28224K, committed 29376K, reserved 1048576K
}
Event: 22985.060 GC heap after
{Heap after GC invocations=190 (full 6):
 garbage-first heap   total 423936K, used 167310K [0x0000000080000000, 0x0000000100000000)
  region size 1024K, 4 young (4096K), 4 survivors (4096K)
 Metaspace       used 222504K, committed 224896K, reserved 1253376K
  class space    used 28224K, committed 29376K, reserved 1048576K
}
Event: 22987.031 GC heap before
{Heap before GC invocations=190 (full 6):
 garbage-first heap   total 423936K, used 233870K [0x0000000080000000, 0x0000000100000000)
  region size 1024K, 59 young (60416K), 4 survivors (4096K)
 Metaspace       used 222978K, committed 225280K, reserved 1253376K
  class space    used 28273K, committed 29376K, reserved 1048576K
}
Event: 22987.127 GC heap after
{Heap after GC invocations=191 (full 6):
 garbage-first heap   total 423936K, used 183961K [0x0000000080000000, 0x0000000100000000)
  region size 1024K, 8 young (8192K), 8 survivors (8192K)
 Metaspace       used 222978K, committed 225280K, reserved 1253376K
  class space    used 28273K, committed 29376K, reserved 1048576K
}
Event: 22987.443 GC heap before
{Heap before GC invocations=191 (full 6):
 garbage-first heap   total 423936K, used 204441K [0x0000000080000000, 0x0000000100000000)
  region size 1024K, 28 young (28672K), 8 survivors (8192K)
 Metaspace       used 222986K, committed 225280K, reserved 1253376K
  class space    used 28273K, committed 29376K, reserved 1048576K
}
Event: 22987.477 GC heap after
{Heap after GC invocations=192 (full 6):
 garbage-first heap   total 423936K, used 191451K [0x0000000080000000, 0x0000000100000000)
  region size 1024K, 4 young (4096K), 4 survivors (4096K)
 Metaspace       used 222986K, committed 225280K, reserved 1253376K
  class space    used 28273K, committed 29376K, reserved 1048576K
}
Event: 22987.743 GC heap before
{Heap before GC invocations=192 (full 6):
 garbage-first heap   total 423936K, used 213979K [0x0000000080000000, 0x0000000100000000)
  region size 1024K, 26 young (26624K), 4 survivors (4096K)
 Metaspace       used 222987K, committed 225280K, reserved 1253376K
  class space    used 28273K, committed 29376K, reserved 1048576K
}

